This is pdfTeX, Version 3.1415926-2.5-1.40.14 (TeX Live 2013) (format=pdflatex 2014.4.24)  6 MAY 2014 14:04
entering extended mode
 restricted \write18 enabled.
 file:line:error style messages enabled.
 %&-line parsing enabled.
**artifact.tex
(./artifact.tex
LaTeX2e <2011/06/27>
Babel <3.9k> and hyphenation patterns for 78 languages loaded.
./artifact.tex:6: Undefined control sequence.
l.6 \clearpage\appendix
                       \section{Artifact Description}
? 
./artifact.tex:6: Emergency stop.
l.6 \clearpage\appendix
                       \section{Artifact Description}
End of file on the terminal!

 
Here is how much of TeX's memory you used:
 5 strings out of 493308
 130 string characters out of 6137816
 52434 words of memory out of 5000000
 3564 multiletter control sequences out of 15000+600000
 3640 words of font info for 14 fonts, out of 8000000 for 9000
 957 hyphenation exceptions out of 8191
 7i,0n,2p,86b,12s stack positions out of 5000i,500n,10000p,200000b,80000s
./artifact.tex:6:  ==> Fatal error occurred, no output PDF file produced!
